[0.496s] Invoking command in '/home/gabriel/Desafio-Final-AVANT/navg_pkg/src/drone_navigation': PYTHONPATH=/home/gabriel/Desafio-Final-AVANT/navg_pkg/build/drone_navigation/prefix_override:/usr/lib/python3/dist-packages/colcon_core/task/python/colcon_distutils_commands:/home/gabriel/Desafio-Final-AVANT/navg_pkg/install/drone_navigation/lib/python3.10/site-packages:${PYTHONPATH} /usr/bin/python3 -W ignore:setup.py install is deprecated -W ignore:easy_install command is deprecated setup.py egg_info --egg-base ../../build/drone_navigation build --build-base /home/gabriel/Desafio-Final-AVANT/navg_pkg/build/drone_navigation/build install --record /home/gabriel/Desafio-Final-AVANT/navg_pkg/build/drone_navigation/install.log --single-version-externally-managed install_data
[0.678s] running egg_info
[0.678s] creating ../../build/drone_navigation/drone_navigation.egg-info
[0.678s] writing ../../build/drone_navigation/drone_navigation.egg-info/PKG-INFO
[0.679s] writing dependency_links to ../../build/drone_navigation/drone_navigation.egg-info/dependency_links.txt
[0.679s] writing entry points to ../../build/drone_navigation/drone_navigation.egg-info/entry_points.txt
[0.679s] writing requirements to ../../build/drone_navigation/drone_navigation.egg-info/requires.txt
[0.679s] writing top-level names to ../../build/drone_navigation/drone_navigation.egg-info/top_level.txt
[0.679s] writing manifest file '../../build/drone_navigation/drone_navigation.egg-info/SOURCES.txt'
[0.681s] reading manifest file '../../build/drone_navigation/drone_navigation.egg-info/SOURCES.txt'
[0.681s] writing manifest file '../../build/drone_navigation/drone_navigation.egg-info/SOURCES.txt'
[0.681s] running build
[0.681s] running build_py
[0.682s] creating /home/gabriel/Desafio-Final-AVANT/navg_pkg/build/drone_navigation/build
[0.682s] creating /home/gabriel/Desafio-Final-AVANT/navg_pkg/build/drone_navigation/build/lib
[0.682s] creating /home/gabriel/Desafio-Final-AVANT/navg_pkg/build/drone_navigation/build/lib/drone_navigation
[0.682s] copying drone_navigation/__init__.py -> /home/gabriel/Desafio-Final-AVANT/navg_pkg/build/drone_navigation/build/lib/drone_navigation
[0.682s] copying drone_navigation/navigator.py -> /home/gabriel/Desafio-Final-AVANT/navg_pkg/build/drone_navigation/build/lib/drone_navigation
[0.682s] running install
[0.682s] running install_lib
[0.683s] creating /home/gabriel/Desafio-Final-AVANT/navg_pkg/install/drone_navigation/lib/python3.10/site-packages/drone_navigation
[0.683s] copying /home/gabriel/Desafio-Final-AVANT/navg_pkg/build/drone_navigation/build/lib/drone_navigation/__init__.py -> /home/gabriel/Desafio-Final-AVANT/navg_pkg/install/drone_navigation/lib/python3.10/site-packages/drone_navigation
[0.683s] copying /home/gabriel/Desafio-Final-AVANT/navg_pkg/build/drone_navigation/build/lib/drone_navigation/navigator.py -> /home/gabriel/Desafio-Final-AVANT/navg_pkg/install/drone_navigation/lib/python3.10/site-packages/drone_navigation
[0.684s] byte-compiling /home/gabriel/Desafio-Final-AVANT/navg_pkg/install/drone_navigation/lib/python3.10/site-packages/drone_navigation/__init__.py to __init__.cpython-310.pyc
[0.684s] byte-compiling /home/gabriel/Desafio-Final-AVANT/navg_pkg/install/drone_navigation/lib/python3.10/site-packages/drone_navigation/navigator.py to navigator.cpython-310.pyc
[0.686s] running install_data
[0.686s] creating /home/gabriel/Desafio-Final-AVANT/navg_pkg/install/drone_navigation/share/ament_index
[0.686s] creating /home/gabriel/Desafio-Final-AVANT/navg_pkg/install/drone_navigation/share/ament_index/resource_index
[0.686s] creating /home/gabriel/Desafio-Final-AVANT/navg_pkg/install/drone_navigation/share/ament_index/resource_index/packages
[0.686s] copying resource/drone_navigation -> /home/gabriel/Desafio-Final-AVANT/navg_pkg/install/drone_navigation/share/ament_index/resource_index/packages
[0.686s] copying package.xml -> /home/gabriel/Desafio-Final-AVANT/navg_pkg/install/drone_navigation/share/drone_navigation
[0.687s] running install_egg_info
[0.688s] Copying ../../build/drone_navigation/drone_navigation.egg-info to /home/gabriel/Desafio-Final-AVANT/navg_pkg/install/drone_navigation/lib/python3.10/site-packages/drone_navigation-0.0.0-py3.10.egg-info
[0.689s] running install_scripts
[0.707s] Installing navigator script to /home/gabriel/Desafio-Final-AVANT/navg_pkg/install/drone_navigation/lib/drone_navigation
[0.708s] writing list of installed files to '/home/gabriel/Desafio-Final-AVANT/navg_pkg/build/drone_navigation/install.log'
[0.742s] Invoked command in '/home/gabriel/Desafio-Final-AVANT/navg_pkg/src/drone_navigation' returned '0': PYTHONPATH=/home/gabriel/Desafio-Final-AVANT/navg_pkg/build/drone_navigation/prefix_override:/usr/lib/python3/dist-packages/colcon_core/task/python/colcon_distutils_commands:/home/gabriel/Desafio-Final-AVANT/navg_pkg/install/drone_navigation/lib/python3.10/site-packages:${PYTHONPATH} /usr/bin/python3 -W ignore:setup.py install is deprecated -W ignore:easy_install command is deprecated setup.py egg_info --egg-base ../../build/drone_navigation build --build-base /home/gabriel/Desafio-Final-AVANT/navg_pkg/build/drone_navigation/build install --record /home/gabriel/Desafio-Final-AVANT/navg_pkg/build/drone_navigation/install.log --single-version-externally-managed install_data
