[0.499s] Invoking command in '/home/gabriel/Desafio-Final-AVANT/navg_pkg/build/drone_navigation': PYTHONPATH=/home/gabriel/Desafio-Final-AVANT/navg_pkg/build/drone_navigation/prefix_override:/usr/lib/python3/dist-packages/colcon_core/task/python/colcon_distutils_commands:/home/gabriel/Desafio-Final-AVANT/navg_pkg/install/drone_navigation/lib/python3.10/site-packages:${PYTHONPATH} /usr/bin/python3 -W ignore:setup.py install is deprecated -W ignore:easy_install command is deprecated setup.py develop --uninstall --editable --build-directory /home/gabriel/Desafio-Final-AVANT/navg_pkg/build/drone_navigation/build
[0.693s] running develop
[0.809s] Removing /home/gabriel/Desafio-Final-AVANT/navg_pkg/install/drone_navigation/lib/python3.10/site-packages/drone-navigation.egg-link (link to .)
[0.847s] Invoked command in '/home/gabriel/Desafio-Final-AVANT/navg_pkg/build/drone_navigation' returned '0': PYTHONPATH=/home/gabriel/Desafio-Final-AVANT/navg_pkg/build/drone_navigation/prefix_override:/usr/lib/python3/dist-packages/colcon_core/task/python/colcon_distutils_commands:/home/gabriel/Desafio-Final-AVANT/navg_pkg/install/drone_navigation/lib/python3.10/site-packages:${PYTHONPATH} /usr/bin/python3 -W ignore:setup.py install is deprecated -W ignore:easy_install command is deprecated setup.py develop --uninstall --editable --build-directory /home/gabriel/Desafio-Final-AVANT/navg_pkg/build/drone_navigation/build
[0.848s] Invoking command in '/home/gabriel/Desafio-Final-AVANT/navg_pkg/src/drone_navigation': PYTHONPATH=/home/gabriel/Desafio-Final-AVANT/navg_pkg/build/drone_navigation/prefix_override:/usr/lib/python3/dist-packages/colcon_core/task/python/colcon_distutils_commands:/home/gabriel/Desafio-Final-AVANT/navg_pkg/install/drone_navigation/lib/python3.10/site-packages:${PYTHONPATH} /usr/bin/python3 -W ignore:setup.py install is deprecated -W ignore:easy_install command is deprecated setup.py egg_info --egg-base ../../build/drone_navigation build --build-base /home/gabriel/Desafio-Final-AVANT/navg_pkg/build/drone_navigation/build install --record /home/gabriel/Desafio-Final-AVANT/navg_pkg/build/drone_navigation/install.log --single-version-externally-managed install_data --force
[1.029s] running egg_info
[1.029s] writing ../../build/drone_navigation/drone_navigation.egg-info/PKG-INFO
[1.030s] writing dependency_links to ../../build/drone_navigation/drone_navigation.egg-info/dependency_links.txt
[1.030s] writing entry points to ../../build/drone_navigation/drone_navigation.egg-info/entry_points.txt
[1.030s] writing requirements to ../../build/drone_navigation/drone_navigation.egg-info/requires.txt
[1.030s] writing top-level names to ../../build/drone_navigation/drone_navigation.egg-info/top_level.txt
[1.032s] reading manifest file '../../build/drone_navigation/drone_navigation.egg-info/SOURCES.txt'
[1.033s] writing manifest file '../../build/drone_navigation/drone_navigation.egg-info/SOURCES.txt'
[1.034s] running build
[1.034s] running build_py
[1.034s] copying drone_navigation/navigator.py -> /home/gabriel/Desafio-Final-AVANT/navg_pkg/build/drone_navigation/build/lib/drone_navigation
[1.034s] running install
[1.035s] running install_lib
[1.036s] creating /home/gabriel/Desafio-Final-AVANT/navg_pkg/install/drone_navigation/lib/python3.10/site-packages/drone_navigation
[1.036s] copying /home/gabriel/Desafio-Final-AVANT/navg_pkg/build/drone_navigation/build/lib/drone_navigation/__init__.py -> /home/gabriel/Desafio-Final-AVANT/navg_pkg/install/drone_navigation/lib/python3.10/site-packages/drone_navigation
[1.036s] copying /home/gabriel/Desafio-Final-AVANT/navg_pkg/build/drone_navigation/build/lib/drone_navigation/navigator.py -> /home/gabriel/Desafio-Final-AVANT/navg_pkg/install/drone_navigation/lib/python3.10/site-packages/drone_navigation
[1.036s] byte-compiling /home/gabriel/Desafio-Final-AVANT/navg_pkg/install/drone_navigation/lib/python3.10/site-packages/drone_navigation/__init__.py to __init__.cpython-310.pyc
[1.037s] byte-compiling /home/gabriel/Desafio-Final-AVANT/navg_pkg/install/drone_navigation/lib/python3.10/site-packages/drone_navigation/navigator.py to navigator.cpython-310.pyc
[1.039s] running install_data
[1.039s] copying resource/drone_navigation -> /home/gabriel/Desafio-Final-AVANT/navg_pkg/install/drone_navigation/share/ament_index/resource_index/packages
[1.039s] copying package.xml -> /home/gabriel/Desafio-Final-AVANT/navg_pkg/install/drone_navigation/share/drone_navigation
[1.039s] running install_egg_info
[1.041s] Copying ../../build/drone_navigation/drone_navigation.egg-info to /home/gabriel/Desafio-Final-AVANT/navg_pkg/install/drone_navigation/lib/python3.10/site-packages/drone_navigation-0.0.0-py3.10.egg-info
[1.042s] running install_scripts
[1.059s] Installing navigator script to /home/gabriel/Desafio-Final-AVANT/navg_pkg/install/drone_navigation/lib/drone_navigation
[1.059s] writing list of installed files to '/home/gabriel/Desafio-Final-AVANT/navg_pkg/build/drone_navigation/install.log'
[1.090s] Invoked command in '/home/gabriel/Desafio-Final-AVANT/navg_pkg/src/drone_navigation' returned '0': PYTHONPATH=/home/gabriel/Desafio-Final-AVANT/navg_pkg/build/drone_navigation/prefix_override:/usr/lib/python3/dist-packages/colcon_core/task/python/colcon_distutils_commands:/home/gabriel/Desafio-Final-AVANT/navg_pkg/install/drone_navigation/lib/python3.10/site-packages:${PYTHONPATH} /usr/bin/python3 -W ignore:setup.py install is deprecated -W ignore:easy_install command is deprecated setup.py egg_info --egg-base ../../build/drone_navigation build --build-base /home/gabriel/Desafio-Final-AVANT/navg_pkg/build/drone_navigation/build install --record /home/gabriel/Desafio-Final-AVANT/navg_pkg/build/drone_navigation/install.log --single-version-externally-managed install_data --force
